Starting server.js...
Dotenv configured
Starting server.js...
Dotenv configured
Loading courtRoutes...
Loading equipmentRoutes...
Loading coachRoutes...
Loading bookingRoutes...
Loading pricingRuleRoutes...
All routes loaded.
Starting server.js...
Dotenv configured
Loading courtRoutes...
Loading equipmentRoutes...
Loading coachRoutes...
Loading bookingRoutes...
Loading pricingRuleRoutes...
All routes loaded.
Starting server.js...
Dotenv configured
Loading courtRoutes...
Loading equipmentRoutes...
Loading coachRoutes...
Loading bookingRoutes...
Loading pricingRuleRoutes...
All routes loaded.
Starting server.js...
Dotenv configured
Loading courtRoutes...
Loading equipmentRoutes...
Loading coachRoutes...
Loading bookingRoutes...
Loading pricingRuleRoutes...
All routes loaded.
Starting server.js...
Dotenv configured
Loading courtRoutes...
Loading equipmentRoutes...
Loading coachRoutes...
Loading bookingRoutes...
Loading pricingRuleRoutes...
All routes loaded.
Starting server.js...
Dotenv configured
Loading courtRoutes...
Loading equipmentRoutes...
Loading coachRoutes...
Loading bookingRoutes...
Loading pricingRuleRoutes...
All routes loaded.
Starting server.js...
Dotenv configured
Loading courtRoutes...
Loading equipmentRoutes...
Loading coachRoutes...
Loading bookingRoutes...
Loading pricingRuleRoutes...
All routes loaded.
Starting server.js...
Dotenv configured
Loading courtRoutes...
Loading equipmentRoutes...
Loading coachRoutes...
Loading bookingRoutes...
Loading pricingRuleRoutes...
All routes loaded.
